<?xml version="1.0" encoding="UTF-8"?>
<testng-results total="25" passed="24" failed="1" skipped="0">
  <reporter-output>
  </reporter-output>
  <suite started-at="2024-03-31T11:59:27Z" name="Suite" finished-at="2024-03-31T12:01:34Z" duration-ms="126300">
    <groups>
    </groups>
    <test started-at="2024-03-31T11:59:27Z" name="Test" finished-at="2024-03-31T12:01:34Z" duration-ms="126300">
      <class name="org.task.DriverScript">
        <test-method is-config="true" signature="loadbrowser()[pri:0, instance:org.task.DriverScript@4c163e3]" started-at="2024-03-31T17:29:27Z" name="loadbrowser" finished-at="2024-03-31T17:29:30Z" duration-ms="2491" status="PASS">
          <reporter-output>
          </reporter-output>
        </test-method> <!-- loadbrowser -->
        <test-method is-config="true" signature="startTime()[pri:0, instance:org.task.DriverScript@4c163e3]" started-at="2024-03-31T17:29:30Z" name="startTime" finished-at="2024-03-31T17:29:30Z" duration-ms="13" status="PASS">
          <reporter-output>
          </reporter-output>
        </test-method> <!-- startTime -->
        <test-method signature="testCase1()[pri:0, instance:org.task.DriverScript@4c163e3]" started-at="2024-03-31T17:29:30Z" name="testCase1" finished-at="2024-03-31T17:29:34Z" duration-ms="4376" status="PASS">
          <reporter-output>
          </reporter-output>
        </test-method> <!-- testCase1 -->
        <test-method is-config="true" signature="endTime()[pri:0, instance:org.task.DriverScript@4c163e3]" started-at="2024-03-31T17:29:34Z" name="endTime" finished-at="2024-03-31T17:29:34Z" duration-ms="1" status="PASS">
          <reporter-output>
          </reporter-output>
        </test-method> <!-- endTime -->
        <test-method is-config="true" signature="startTime()[pri:0, instance:org.task.DriverScript@4c163e3]" started-at="2024-03-31T17:29:34Z" name="startTime" finished-at="2024-03-31T17:29:34Z" duration-ms="0" status="PASS">
          <reporter-output>
          </reporter-output>
        </test-method> <!-- startTime -->
        <test-method signature="testCase10()[pri:0, instance:org.task.DriverScript@4c163e3]" started-at="2024-03-31T17:29:34Z" name="testCase10" finished-at="2024-03-31T17:29:37Z" duration-ms="3249" status="PASS">
          <reporter-output>
          </reporter-output>
        </test-method> <!-- testCase10 -->
        <test-method is-config="true" signature="startTime()[pri:0, instance:org.task.DriverScript@4c163e3]" started-at="2024-03-31T17:29:37Z" name="startTime" finished-at="2024-03-31T17:29:37Z" duration-ms="0" status="PASS">
          <reporter-output>
          </reporter-output>
        </test-method> <!-- startTime -->
        <test-method is-config="true" signature="endTime()[pri:0, instance:org.task.DriverScript@4c163e3]" started-at="2024-03-31T17:29:37Z" name="endTime" finished-at="2024-03-31T17:29:37Z" duration-ms="0" status="PASS">
          <reporter-output>
          </reporter-output>
        </test-method> <!-- endTime -->
        <test-method signature="testCase11()[pri:0, instance:org.task.DriverScript@4c163e3]" started-at="2024-03-31T17:29:37Z" name="testCase11" finished-at="2024-03-31T17:29:46Z" duration-ms="9048" status="PASS">
          <reporter-output>
          </reporter-output>
        </test-method> <!-- testCase11 -->
        <test-method is-config="true" signature="endTime()[pri:0, instance:org.task.DriverScript@4c163e3]" started-at="2024-03-31T17:29:46Z" name="endTime" finished-at="2024-03-31T17:29:46Z" duration-ms="0" status="PASS">
          <reporter-output>
          </reporter-output>
        </test-method> <!-- endTime -->
        <test-method is-config="true" signature="startTime()[pri:0, instance:org.task.DriverScript@4c163e3]" started-at="2024-03-31T17:29:46Z" name="startTime" finished-at="2024-03-31T17:29:46Z" duration-ms="0" status="PASS">
          <reporter-output>
          </reporter-output>
        </test-method> <!-- startTime -->
        <test-method signature="testCase12()[pri:0, instance:org.task.DriverScript@4c163e3]" started-at="2024-03-31T17:29:46Z" name="testCase12" finished-at="2024-03-31T17:29:54Z" duration-ms="7182" status="PASS">
          <reporter-output>
          </reporter-output>
        </test-method> <!-- testCase12 -->
        <test-method is-config="true" signature="endTime()[pri:0, instance:org.task.DriverScript@4c163e3]" started-at="2024-03-31T17:29:54Z" name="endTime" finished-at="2024-03-31T17:29:54Z" duration-ms="1" status="PASS">
          <reporter-output>
          </reporter-output>
        </test-method> <!-- endTime -->
        <test-method signature="testCase13()[pri:0, instance:org.task.DriverScript@4c163e3]" started-at="2024-03-31T17:29:54Z" name="testCase13" finished-at="2024-03-31T17:29:57Z" duration-ms="3323" status="PASS">
          <reporter-output>
          </reporter-output>
        </test-method> <!-- testCase13 -->
        <test-method is-config="true" signature="startTime()[pri:0, instance:org.task.DriverScript@4c163e3]" started-at="2024-03-31T17:29:54Z" name="startTime" finished-at="2024-03-31T17:29:54Z" duration-ms="0" status="PASS">
          <reporter-output>
          </reporter-output>
        </test-method> <!-- startTime -->
        <test-method is-config="true" signature="endTime()[pri:0, instance:org.task.DriverScript@4c163e3]" started-at="2024-03-31T17:29:57Z" name="endTime" finished-at="2024-03-31T17:29:57Z" duration-ms="0" status="PASS">
          <reporter-output>
          </reporter-output>
        </test-method> <!-- endTime -->
        <test-method is-config="true" signature="startTime()[pri:0, instance:org.task.DriverScript@4c163e3]" started-at="2024-03-31T17:29:57Z" name="startTime" finished-at="2024-03-31T17:29:57Z" duration-ms="0" status="PASS">
          <reporter-output>
          </reporter-output>
        </test-method> <!-- startTime -->
        <test-method signature="testCase14()[pri:0, instance:org.task.DriverScript@4c163e3]" started-at="2024-03-31T17:29:57Z" name="testCase14" finished-at="2024-03-31T17:30:00Z" duration-ms="3350" status="PASS">
          <reporter-output>
          </reporter-output>
        </test-method> <!-- testCase14 -->
        <test-method is-config="true" signature="endTime()[pri:0, instance:org.task.DriverScript@4c163e3]" started-at="2024-03-31T17:30:00Z" name="endTime" finished-at="2024-03-31T17:30:00Z" duration-ms="0" status="PASS">
          <reporter-output>
          </reporter-output>
        </test-method> <!-- endTime -->
        <test-method signature="testCase15()[pri:0, instance:org.task.DriverScript@4c163e3]" started-at="2024-03-31T17:30:00Z" name="testCase15" finished-at="2024-03-31T17:30:04Z" duration-ms="3961" status="PASS">
          <reporter-output>
          </reporter-output>
        </test-method> <!-- testCase15 -->
        <test-method is-config="true" signature="startTime()[pri:0, instance:org.task.DriverScript@4c163e3]" started-at="2024-03-31T17:30:00Z" name="startTime" finished-at="2024-03-31T17:30:00Z" duration-ms="0" status="PASS">
          <reporter-output>
          </reporter-output>
        </test-method> <!-- startTime -->
        <test-method is-config="true" signature="endTime()[pri:0, instance:org.task.DriverScript@4c163e3]" started-at="2024-03-31T17:30:04Z" name="endTime" finished-at="2024-03-31T17:30:04Z" duration-ms="0" status="PASS">
          <reporter-output>
          </reporter-output>
        </test-method> <!-- endTime -->
        <test-method is-config="true" signature="startTime()[pri:0, instance:org.task.DriverScript@4c163e3]" started-at="2024-03-31T17:30:04Z" name="startTime" finished-at="2024-03-31T17:30:04Z" duration-ms="0" status="PASS">
          <reporter-output>
          </reporter-output>
        </test-method> <!-- startTime -->
        <test-method signature="testCase16()[pri:0, instance:org.task.DriverScript@4c163e3]" started-at="2024-03-31T17:30:04Z" name="testCase16" finished-at="2024-03-31T17:30:08Z" duration-ms="4137" status="PASS">
          <reporter-output>
          </reporter-output>
        </test-method> <!-- testCase16 -->
        <test-method signature="testCase17()[pri:0, instance:org.task.DriverScript@4c163e3]" started-at="2024-03-31T17:30:08Z" name="testCase17" finished-at="2024-03-31T17:30:13Z" duration-ms="4546" status="PASS">
          <reporter-output>
          </reporter-output>
        </test-method> <!-- testCase17 -->
        <test-method is-config="true" signature="startTime()[pri:0, instance:org.task.DriverScript@4c163e3]" started-at="2024-03-31T17:30:08Z" name="startTime" finished-at="2024-03-31T17:30:08Z" duration-ms="0" status="PASS">
          <reporter-output>
          </reporter-output>
        </test-method> <!-- startTime -->
        <test-method is-config="true" signature="endTime()[pri:0, instance:org.task.DriverScript@4c163e3]" started-at="2024-03-31T17:30:08Z" name="endTime" finished-at="2024-03-31T17:30:08Z" duration-ms="0" status="PASS">
          <reporter-output>
          </reporter-output>
        </test-method> <!-- endTime -->
        <test-method is-config="true" signature="endTime()[pri:0, instance:org.task.DriverScript@4c163e3]" started-at="2024-03-31T17:30:13Z" name="endTime" finished-at="2024-03-31T17:30:13Z" duration-ms="0" status="PASS">
          <reporter-output>
          </reporter-output>
        </test-method> <!-- endTime -->
        <test-method signature="testCase18()[pri:0, instance:org.task.DriverScript@4c163e3]" started-at="2024-03-31T17:30:13Z" name="testCase18" finished-at="2024-03-31T17:30:17Z" duration-ms="4393" status="PASS">
          <reporter-output>
          </reporter-output>
        </test-method> <!-- testCase18 -->
        <test-method is-config="true" signature="startTime()[pri:0, instance:org.task.DriverScript@4c163e3]" started-at="2024-03-31T17:30:13Z" name="startTime" finished-at="2024-03-31T17:30:13Z" duration-ms="0" status="PASS">
          <reporter-output>
          </reporter-output>
        </test-method> <!-- startTime -->
        <test-method is-config="true" signature="endTime()[pri:0, instance:org.task.DriverScript@4c163e3]" started-at="2024-03-31T17:30:17Z" name="endTime" finished-at="2024-03-31T17:30:17Z" duration-ms="0" status="PASS">
          <reporter-output>
          </reporter-output>
        </test-method> <!-- endTime -->
        <test-method signature="testCase19()[pri:0, instance:org.task.DriverScript@4c163e3]" started-at="2024-03-31T17:30:17Z" name="testCase19" finished-at="2024-03-31T17:30:28Z" duration-ms="10829" status="PASS">
          <reporter-output>
          </reporter-output>
        </test-method> <!-- testCase19 -->
        <test-method is-config="true" signature="startTime()[pri:0, instance:org.task.DriverScript@4c163e3]" started-at="2024-03-31T17:30:17Z" name="startTime" finished-at="2024-03-31T17:30:17Z" duration-ms="0" status="PASS">
          <reporter-output>
          </reporter-output>
        </test-method> <!-- startTime -->
        <test-method is-config="true" signature="startTime()[pri:0, instance:org.task.DriverScript@4c163e3]" started-at="2024-03-31T17:30:28Z" name="startTime" finished-at="2024-03-31T17:30:28Z" duration-ms="0" status="PASS">
          <reporter-output>
          </reporter-output>
        </test-method> <!-- startTime -->
        <test-method signature="testCase2()[pri:0, instance:org.task.DriverScript@4c163e3]" started-at="2024-03-31T17:30:28Z" name="testCase2" finished-at="2024-03-31T17:30:32Z" duration-ms="3358" status="PASS">
          <reporter-output>
          </reporter-output>
        </test-method> <!-- testCase2 -->
        <test-method is-config="true" signature="endTime()[pri:0, instance:org.task.DriverScript@4c163e3]" started-at="2024-03-31T17:30:28Z" name="endTime" finished-at="2024-03-31T17:30:28Z" duration-ms="0" status="PASS">
          <reporter-output>
          </reporter-output>
        </test-method> <!-- endTime -->
        <test-method is-config="true" signature="startTime()[pri:0, instance:org.task.DriverScript@4c163e3]" started-at="2024-03-31T17:30:32Z" name="startTime" finished-at="2024-03-31T17:30:32Z" duration-ms="0" status="PASS">
          <reporter-output>
          </reporter-output>
        </test-method> <!-- startTime -->
        <test-method signature="testCase20()[pri:0, instance:org.task.DriverScript@4c163e3]" started-at="2024-03-31T17:30:32Z" name="testCase20" finished-at="2024-03-31T17:30:39Z" duration-ms="7043" status="PASS">
          <reporter-output>
          </reporter-output>
        </test-method> <!-- testCase20 -->
        <test-method is-config="true" signature="endTime()[pri:0, instance:org.task.DriverScript@4c163e3]" started-at="2024-03-31T17:30:32Z" name="endTime" finished-at="2024-03-31T17:30:32Z" duration-ms="0" status="PASS">
          <reporter-output>
          </reporter-output>
        </test-method> <!-- endTime -->
        <test-method is-config="true" signature="endTime()[pri:0, instance:org.task.DriverScript@4c163e3]" started-at="2024-03-31T17:30:39Z" name="endTime" finished-at="2024-03-31T17:30:39Z" duration-ms="0" status="PASS">
          <reporter-output>
          </reporter-output>
        </test-method> <!-- endTime -->
        <test-method signature="testCase21()[pri:0, instance:org.task.DriverScript@4c163e3]" started-at="2024-03-31T17:30:39Z" name="testCase21" finished-at="2024-03-31T17:30:51Z" duration-ms="12119" status="FAIL">
          <exception class="org.openqa.selenium.ElementClickInterceptedException">
            <message>
              <![CDATA[element click intercepted: Element <button type="button" class="btn btn-block btn-lg btn-primary regBtn ">...</button> is not clickable at point (529, 414). Other element would receive the click: <li class="is--error">...</li>
  (Session info: MicrosoftEdge=123.0.2420.65)
Build info: version: '3.141.59', revision: 'e82be7d358', time: '2018-11-14T08:17:03'
System info: host: 'LAPTOP-EM6M5GBO', ip: '192.168.1.2', os.name: 'Windows 11', os.arch: 'amd64', os.version: '10.0', java.version: '21.0.2'
Driver info: org.openqa.selenium.edge.EdgeDriver
Capabilities {acceptInsecureCerts: false, browserName: MicrosoftEdge, browserVersion: 123.0.2420.65, fedcm:accounts: true, javascriptEnabled: true, ms:edgeOptions: {debuggerAddress: localhost:55768}, msedge: {msedgedriverVersion: 123.0.2420.65 (49b6a5859239..., userDataDir: C:\Users\raja_\AppData\Loca...}, networkConnectionEnabled: false, pageLoadStrategy: normal, platform: WINDOWS, platformName: WINDOWS, proxy: Proxy(), setWindowRect: true, strictFileInteractability: false, timeouts: {implicit: 0, pageLoad: 300000, script: 30000}, unhandledPromptBehavior: dismiss and notify, webauthn:extension:credBlob: true, webauthn:extension:largeBlob: true, webauthn:extension:minPinLength: true, webauthn:extension:prf: true, webauthn:virtualAuthenticators: true}
Session ID: 8553885b0ea6480f27106754fa2c1e50]]>
            </message>
            <full-stacktrace>
              <![CDATA[org.openqa.selenium.ElementClickInterceptedException: element click intercepted: Element <button type="button" class="btn btn-block btn-lg btn-primary regBtn ">...</button> is not clickable at point (529, 414). Other element would receive the click: <li class="is--error">...</li>
  (Session info: MicrosoftEdge=123.0.2420.65)
Build info: version: '3.141.59', revision: 'e82be7d358', time: '2018-11-14T08:17:03'
System info: host: 'LAPTOP-EM6M5GBO', ip: '192.168.1.2', os.name: 'Windows 11', os.arch: 'amd64', os.version: '10.0', java.version: '21.0.2'
Driver info: org.openqa.selenium.edge.EdgeDriver
Capabilities {acceptInsecureCerts: false, browserName: MicrosoftEdge, browserVersion: 123.0.2420.65, fedcm:accounts: true, javascriptEnabled: true, ms:edgeOptions: {debuggerAddress: localhost:55768}, msedge: {msedgedriverVersion: 123.0.2420.65 (49b6a5859239..., userDataDir: C:\Users\raja_\AppData\Loca...}, networkConnectionEnabled: false, pageLoadStrategy: normal, platform: WINDOWS, platformName: WINDOWS, proxy: Proxy(), setWindowRect: true, strictFileInteractability: false, timeouts: {implicit: 0, pageLoad: 300000, script: 30000}, unhandledPromptBehavior: dismiss and notify, webauthn:extension:credBlob: true, webauthn:extension:largeBlob: true, webauthn:extension:minPinLength: true, webauthn:extension:prf: true, webauthn:virtualAuthenticators: true}
Session ID: 8553885b0ea6480f27106754fa2c1e50
	at java.base/jdk.internal.reflect.DirectConstructorHandleAccessor.newInstance(DirectConstructorHandleAccessor.java:62)
	at java.base/java.lang.reflect.Constructor.newInstanceWithCaller(Constructor.java:502)
	at java.base/java.lang.reflect.Constructor.newInstance(Constructor.java:486)
	at org.openqa.selenium.remote.http.W3CHttpResponseCodec.createException(W3CHttpResponseCodec.java:187)
	at org.openqa.selenium.remote.http.W3CHttpResponseCodec.decode(W3CHttpResponseCodec.java:122)
	at org.openqa.selenium.remote.http.W3CHttpResponseCodec.decode(W3CHttpResponseCodec.java:49)
	at org.openqa.selenium.remote.HttpCommandExecutor.execute(HttpCommandExecutor.java:158)
	at org.openqa.selenium.remote.service.DriverCommandExecutor.execute(DriverCommandExecutor.java:83)
	at org.openqa.selenium.remote.RemoteWebDriver.execute(RemoteWebDriver.java:552)
	at org.openqa.selenium.remote.RemoteWebElement.execute(RemoteWebElement.java:285)
	at org.openqa.selenium.remote.RemoteWebElement.click(RemoteWebElement.java:84)
	at java.base/jdk.internal.reflect.DirectMethodHandleAccessor.invoke(DirectMethodHandleAccessor.java:103)
	at java.base/java.lang.reflect.Method.invoke(Method.java:580)
	at org.openqa.selenium.support.pagefactory.internal.LocatingElementHandler.invoke(LocatingElementHandler.java:51)
	at jdk.proxy2/jdk.proxy2.$Proxy13.click(Unknown Source)
	at org.task.BaseClass.btnClk(BaseClass.java:123)
	at org.task.DriverScript.testCase21(DriverScript.java:289)
	at java.base/jdk.internal.reflect.DirectMethodHandleAccessor.invoke(DirectMethodHandleAccessor.java:103)
	at java.base/java.lang.reflect.Method.invoke(Method.java:580)
	at org.testng.internal.MethodInvocationHelper.invokeMethod(MethodInvocationHelper.java:86)
	at org.testng.internal.Invoker.invokeMethod(Invoker.java:645)
	at org.testng.internal.Invoker.invokeTestMethod(Invoker.java:822)
	at org.testng.internal.Invoker.invokeTestMethods(Invoker.java:1130)
	at org.testng.internal.TestMethodWorker.invokeTestMethods(TestMethodWorker.java:129)
	at org.testng.internal.TestMethodWorker.run(TestMethodWorker.java:112)
	at org.testng.TestRunner.privateRun(TestRunner.java:782)
	at org.testng.TestRunner.run(TestRunner.java:632)
	at org.testng.SuiteRunner.runTest(SuiteRunner.java:366)
	at org.testng.SuiteRunner.runSequentially(SuiteRunner.java:361)
	at org.testng.SuiteRunner.privateRun(SuiteRunner.java:319)
	at org.testng.SuiteRunner.run(SuiteRunner.java:268)
	at org.testng.SuiteRunnerWorker.runSuite(SuiteRunnerWorker.java:52)
	at org.testng.SuiteRunnerWorker.run(SuiteRunnerWorker.java:86)
	at org.testng.TestNG.runSuitesSequentially(TestNG.java:1244)
	at org.testng.TestNG.runSuitesLocally(TestNG.java:1169)
	at org.testng.TestNG.run(TestNG.java:1064)
	at org.testng.remote.AbstractRemoteTestNG.run(AbstractRemoteTestNG.java:115)
	at org.testng.remote.RemoteTestNG.initAndRun(RemoteTestNG.java:251)
	at org.testng.remote.RemoteTestNG.main(RemoteTestNG.java:77)
]]>
            </full-stacktrace>
          </exception> <!-- org.openqa.selenium.ElementClickInterceptedException -->
          <reporter-output>
          </reporter-output>
        </test-method> <!-- testCase21 -->
        <test-method is-config="true" signature="startTime()[pri:0, instance:org.task.DriverScript@4c163e3]" started-at="2024-03-31T17:30:39Z" name="startTime" finished-at="2024-03-31T17:30:39Z" duration-ms="0" status="PASS">
          <reporter-output>
          </reporter-output>
        </test-method> <!-- startTime -->
        <test-method is-config="true" signature="endTime()[pri:0, instance:org.task.DriverScript@4c163e3]" started-at="2024-03-31T17:30:51Z" name="endTime" finished-at="2024-03-31T17:30:51Z" duration-ms="0" status="PASS">
          <reporter-output>
          </reporter-output>
        </test-method> <!-- endTime -->
        <test-method is-config="true" signature="startTime()[pri:0, instance:org.task.DriverScript@4c163e3]" started-at="2024-03-31T17:30:51Z" name="startTime" finished-at="2024-03-31T17:30:51Z" duration-ms="0" status="PASS">
          <reporter-output>
          </reporter-output>
        </test-method> <!-- startTime -->
        <test-method signature="testCase22()[pri:0, instance:org.task.DriverScript@4c163e3]" started-at="2024-03-31T17:30:51Z" name="testCase22" finished-at="2024-03-31T17:30:55Z" duration-ms="4260" status="PASS">
          <reporter-output>
          </reporter-output>
        </test-method> <!-- testCase22 -->
        <test-method is-config="true" signature="endTime()[pri:0, instance:org.task.DriverScript@4c163e3]" started-at="2024-03-31T17:30:55Z" name="endTime" finished-at="2024-03-31T17:30:55Z" duration-ms="0" status="PASS">
          <reporter-output>
          </reporter-output>
        </test-method> <!-- endTime -->
        <test-method is-config="true" signature="startTime()[pri:0, instance:org.task.DriverScript@4c163e3]" started-at="2024-03-31T17:30:55Z" name="startTime" finished-at="2024-03-31T17:30:55Z" duration-ms="0" status="PASS">
          <reporter-output>
          </reporter-output>
        </test-method> <!-- startTime -->
        <test-method signature="testCase23()[pri:0, instance:org.task.DriverScript@4c163e3]" started-at="2024-03-31T17:30:55Z" name="testCase23" finished-at="2024-03-31T17:30:59Z" duration-ms="3954" status="PASS">
          <reporter-output>
          </reporter-output>
        </test-method> <!-- testCase23 -->
        <test-method is-config="true" signature="endTime()[pri:0, instance:org.task.DriverScript@4c163e3]" started-at="2024-03-31T17:30:59Z" name="endTime" finished-at="2024-03-31T17:30:59Z" duration-ms="0" status="PASS">
          <reporter-output>
          </reporter-output>
        </test-method> <!-- endTime -->
        <test-method signature="testCase24()[pri:0, instance:org.task.DriverScript@4c163e3]" started-at="2024-03-31T17:30:59Z" name="testCase24" finished-at="2024-03-31T17:31:02Z" duration-ms="3294" status="PASS">
          <reporter-output>
          </reporter-output>
        </test-method> <!-- testCase24 -->
        <test-method is-config="true" signature="startTime()[pri:0, instance:org.task.DriverScript@4c163e3]" started-at="2024-03-31T17:30:59Z" name="startTime" finished-at="2024-03-31T17:30:59Z" duration-ms="0" status="PASS">
          <reporter-output>
          </reporter-output>
        </test-method> <!-- startTime -->
        <test-method signature="testCase25()[pri:0, instance:org.task.DriverScript@4c163e3]" started-at="2024-03-31T17:31:02Z" name="testCase25" finished-at="2024-03-31T17:31:06Z" duration-ms="4135" status="PASS">
          <reporter-output>
          </reporter-output>
        </test-method> <!-- testCase25 -->
        <test-method is-config="true" signature="endTime()[pri:0, instance:org.task.DriverScript@4c163e3]" started-at="2024-03-31T17:31:02Z" name="endTime" finished-at="2024-03-31T17:31:02Z" duration-ms="0" status="PASS">
          <reporter-output>
          </reporter-output>
        </test-method> <!-- endTime -->
        <test-method is-config="true" signature="startTime()[pri:0, instance:org.task.DriverScript@4c163e3]" started-at="2024-03-31T17:31:02Z" name="startTime" finished-at="2024-03-31T17:31:02Z" duration-ms="0" status="PASS">
          <reporter-output>
          </reporter-output>
        </test-method> <!-- startTime -->
        <test-method is-config="true" signature="endTime()[pri:0, instance:org.task.DriverScript@4c163e3]" started-at="2024-03-31T17:31:06Z" name="endTime" finished-at="2024-03-31T17:31:06Z" duration-ms="3" status="PASS">
          <reporter-output>
          </reporter-output>
        </test-method> <!-- endTime -->
        <test-method is-config="true" signature="startTime()[pri:0, instance:org.task.DriverScript@4c163e3]" started-at="2024-03-31T17:31:06Z" name="startTime" finished-at="2024-03-31T17:31:06Z" duration-ms="0" status="PASS">
          <reporter-output>
          </reporter-output>
        </test-method> <!-- startTime -->
        <test-method signature="testCase3()[pri:0, instance:org.task.DriverScript@4c163e3]" started-at="2024-03-31T17:31:06Z" name="testCase3" finished-at="2024-03-31T17:31:11Z" duration-ms="4711" status="PASS">
          <reporter-output>
          </reporter-output>
        </test-method> <!-- testCase3 -->
        <test-method is-config="true" signature="startTime()[pri:0, instance:org.task.DriverScript@4c163e3]" started-at="2024-03-31T17:31:11Z" name="startTime" finished-at="2024-03-31T17:31:11Z" duration-ms="0" status="PASS">
          <reporter-output>
          </reporter-output>
        </test-method> <!-- startTime -->
        <test-method is-config="true" signature="endTime()[pri:0, instance:org.task.DriverScript@4c163e3]" started-at="2024-03-31T17:31:11Z" name="endTime" finished-at="2024-03-31T17:31:11Z" duration-ms="0" status="PASS">
          <reporter-output>
          </reporter-output>
        </test-method> <!-- endTime -->
        <test-method signature="testCase4()[pri:0, instance:org.task.DriverScript@4c163e3]" started-at="2024-03-31T17:31:11Z" name="testCase4" finished-at="2024-03-31T17:31:16Z" duration-ms="4617" status="PASS">
          <reporter-output>
          </reporter-output>
        </test-method> <!-- testCase4 -->
        <test-method is-config="true" signature="endTime()[pri:0, instance:org.task.DriverScript@4c163e3]" started-at="2024-03-31T17:31:16Z" name="endTime" finished-at="2024-03-31T17:31:16Z" duration-ms="0" status="PASS">
          <reporter-output>
          </reporter-output>
        </test-method> <!-- endTime -->
        <test-method is-config="true" signature="startTime()[pri:0, instance:org.task.DriverScript@4c163e3]" started-at="2024-03-31T17:31:16Z" name="startTime" finished-at="2024-03-31T17:31:16Z" duration-ms="0" status="PASS">
          <reporter-output>
          </reporter-output>
        </test-method> <!-- startTime -->
        <test-method signature="testCase5()[pri:0, instance:org.task.DriverScript@4c163e3]" started-at="2024-03-31T17:31:16Z" name="testCase5" finished-at="2024-03-31T17:31:19Z" duration-ms="3283" status="PASS">
          <reporter-output>
          </reporter-output>
        </test-method> <!-- testCase5 -->
        <test-method is-config="true" signature="startTime()[pri:0, instance:org.task.DriverScript@4c163e3]" started-at="2024-03-31T17:31:19Z" name="startTime" finished-at="2024-03-31T17:31:19Z" duration-ms="0" status="PASS">
          <reporter-output>
          </reporter-output>
        </test-method> <!-- startTime -->
        <test-method is-config="true" signature="endTime()[pri:0, instance:org.task.DriverScript@4c163e3]" started-at="2024-03-31T17:31:19Z" name="endTime" finished-at="2024-03-31T17:31:19Z" duration-ms="0" status="PASS">
          <reporter-output>
          </reporter-output>
        </test-method> <!-- endTime -->
        <test-method signature="testCase6()[pri:0, instance:org.task.DriverScript@4c163e3]" started-at="2024-03-31T17:31:19Z" name="testCase6" finished-at="2024-03-31T17:31:23Z" duration-ms="4263" status="PASS">
          <reporter-output>
          </reporter-output>
        </test-method> <!-- testCase6 -->
        <test-method is-config="true" signature="startTime()[pri:0, instance:org.task.DriverScript@4c163e3]" started-at="2024-03-31T17:31:23Z" name="startTime" finished-at="2024-03-31T17:31:23Z" duration-ms="0" status="PASS">
          <reporter-output>
          </reporter-output>
        </test-method> <!-- startTime -->
        <test-method is-config="true" signature="endTime()[pri:0, instance:org.task.DriverScript@4c163e3]" started-at="2024-03-31T17:31:23Z" name="endTime" finished-at="2024-03-31T17:31:23Z" duration-ms="0" status="PASS">
          <reporter-output>
          </reporter-output>
        </test-method> <!-- endTime -->
        <test-method signature="testCase7()[pri:0, instance:org.task.DriverScript@4c163e3]" started-at="2024-03-31T17:31:23Z" name="testCase7" finished-at="2024-03-31T17:31:27Z" duration-ms="3327" status="PASS">
          <reporter-output>
          </reporter-output>
        </test-method> <!-- testCase7 -->
        <test-method signature="testCase8()[pri:0, instance:org.task.DriverScript@4c163e3]" started-at="2024-03-31T17:31:27Z" name="testCase8" finished-at="2024-03-31T17:31:30Z" duration-ms="3209" status="PASS">
          <reporter-output>
          </reporter-output>
        </test-method> <!-- testCase8 -->
        <test-method is-config="true" signature="startTime()[pri:0, instance:org.task.DriverScript@4c163e3]" started-at="2024-03-31T17:31:27Z" name="startTime" finished-at="2024-03-31T17:31:27Z" duration-ms="0" status="PASS">
          <reporter-output>
          </reporter-output>
        </test-method> <!-- startTime -->
        <test-method is-config="true" signature="endTime()[pri:0, instance:org.task.DriverScript@4c163e3]" started-at="2024-03-31T17:31:27Z" name="endTime" finished-at="2024-03-31T17:31:27Z" duration-ms="0" status="PASS">
          <reporter-output>
          </reporter-output>
        </test-method> <!-- endTime -->
        <test-method is-config="true" signature="endTime()[pri:0, instance:org.task.DriverScript@4c163e3]" started-at="2024-03-31T17:31:30Z" name="endTime" finished-at="2024-03-31T17:31:30Z" duration-ms="0" status="PASS">
          <reporter-output>
          </reporter-output>
        </test-method> <!-- endTime -->
        <test-method is-config="true" signature="startTime()[pri:0, instance:org.task.DriverScript@4c163e3]" started-at="2024-03-31T17:31:30Z" name="startTime" finished-at="2024-03-31T17:31:30Z" duration-ms="0" status="PASS">
          <reporter-output>
          </reporter-output>
        </test-method> <!-- startTime -->
        <test-method signature="testCase9()[pri:0, instance:org.task.DriverScript@4c163e3]" started-at="2024-03-31T17:31:30Z" name="testCase9" finished-at="2024-03-31T17:31:33Z" duration-ms="3240" status="PASS">
          <reporter-output>
          </reporter-output>
        </test-method> <!-- testCase9 -->
        <test-method is-config="true" signature="endTime()[pri:0, instance:org.task.DriverScript@4c163e3]" started-at="2024-03-31T17:31:33Z" name="endTime" finished-at="2024-03-31T17:31:33Z" duration-ms="0" status="PASS">
          <reporter-output>
          </reporter-output>
        </test-method> <!-- endTime -->
        <test-method is-config="true" signature="quitbro()[pri:0, instance:org.task.DriverScript@4c163e3]" started-at="2024-03-31T17:31:33Z" name="quitbro" finished-at="2024-03-31T17:31:34Z" duration-ms="557" status="PASS">
          <reporter-output>
          </reporter-output>
        </test-method> <!-- quitbro -->
      </class> <!-- org.task.DriverScript -->
    </test> <!-- Test -->
  </suite> <!-- Suite -->
</testng-results>
